[debug] [2020-04-24T05:47:25.906Z] ----------------------------------------------------------------------
[debug] [2020-04-24T05:47:25.908Z] Command:       /usr/local/bin/node /usr/local/bin/firebase serve --only hosting
[debug] [2020-04-24T05:47:25.908Z] CLI Version:   8.1.1
[debug] [2020-04-24T05:47:25.908Z] Platform:      darwin
[debug] [2020-04-24T05:47:25.909Z] Node Version:  v10.16.3
[debug] [2020-04-24T05:47:25.913Z] Time:          Fri Apr 24 2020 01:47:25 GMT-0400 (Eastern Daylight Time)
[debug] [2020-04-24T05:47:25.913Z] ----------------------------------------------------------------------
[debug] [2020-04-24T05:47:25.913Z] 
[debug] [2020-04-24T05:47:25.925Z] > command requires scopes: ["email","openid","https://www.googleapis.com/auth/cloudplatformprojects.readonly","https://www.googleapis.com/auth/firebase","https://www.googleapis.com/auth/cloud-platform"]
[debug] [2020-04-24T05:47:25.926Z] > authorizing via signed-in user
[debug] [2020-04-24T05:47:25.926Z] [iam] checking project treefrog-cms-bm for permissions ["firebase.projects.get"]
[debug] [2020-04-24T05:47:25.929Z] >>> HTTP REQUEST POST https://cloudresourcemanager.googleapis.com/v1/projects/treefrog-cms-bm:testIamPermissions  
 {"permissions":["firebase.projects.get"]}
[debug] [2020-04-24T05:47:26.356Z] <<< HTTP RESPONSE 200 {"content-type":"application/json; charset=UTF-8","vary":"X-Origin, Referer, Origin,Accept-Encoding","date":"Fri, 24 Apr 2020 05:46:39 GMT","server":"ESF","cache-control":"private","x-xss-protection":"0","x-frame-options":"SAMEORIGIN","x-content-type-options":"nosniff","server-timing":"gfet4t7; dur=110","alt-svc":"quic=\":443\"; ma=2592000; v=\"46,43\",h3-Q050=\":443\"; ma=2592000,h3-Q049=\":443\"; ma=2592000,h3-Q048=\":443\"; ma=2592000,h3-Q046=\":443\"; ma=2592000,h3-Q043=\":443\"; ma=2592000,h3-T050=\":443\"; ma=2592000","accept-ranges":"none","transfer-encoding":"chunked"}
[debug] [2020-04-24T05:47:26.358Z] >>> HTTP REQUEST GET https://firebase.googleapis.com/v1beta1/projects/treefrog-cms-bm  
 
[debug] [2020-04-24T05:47:26.746Z] <<< HTTP RESPONSE 200 {"content-type":"application/json; charset=UTF-8","vary":"X-Origin, Referer, Origin,Accept-Encoding","date":"Fri, 24 Apr 2020 05:46:39 GMT","server":"ESF","cache-control":"private","x-xss-protection":"0","x-frame-options":"SAMEORIGIN","x-content-type-options":"nosniff","alt-svc":"quic=\":443\"; ma=2592000; v=\"46,43\",h3-Q050=\":443\"; ma=2592000,h3-Q049=\":443\"; ma=2592000,h3-Q048=\":443\"; ma=2592000,h3-Q046=\":443\"; ma=2592000,h3-Q043=\":443\"; ma=2592000,h3-T050=\":443\"; ma=2592000","accept-ranges":"none","transfer-encoding":"chunked"}
[debug] [2020-04-24T05:47:26.749Z] >>> HTTP REQUEST GET https://firebase.googleapis.com/v1beta1/projects/treefrog-cms-bm/webApps/-/config  
 
[debug] [2020-04-24T05:47:27.101Z] <<< HTTP RESPONSE 200 {"content-type":"application/json; charset=UTF-8","vary":"X-Origin, Referer, Origin,Accept-Encoding","date":"Fri, 24 Apr 2020 05:46:39 GMT","server":"ESF","cache-control":"private","x-xss-protection":"0","x-frame-options":"SAMEORIGIN","x-content-type-options":"nosniff","alt-svc":"quic=\":443\"; ma=2592000; v=\"46,43\",h3-Q050=\":443\"; ma=2592000,h3-Q049=\":443\"; ma=2592000,h3-Q048=\":443\"; ma=2592000,h3-Q046=\":443\"; ma=2592000,h3-Q043=\":443\"; ma=2592000,h3-T050=\":443\"; ma=2592000","accept-ranges":"none","transfer-encoding":"chunked"}
[info] i  hosting: Serving hosting files from: public
[info] ✔  hosting: Local server: http://localhost:5000
